The system is: Linux - 6.1.30-1-MANJARO - x86_64
Compiling the C compiler identification source file "CMakeCCompilerId.c" succeeded.
Compiler: /usr/bin/gcc 
Build flags: 
Id flags:  

The output was:
0


Compilation of the C compiler identification source "CMakeCCompilerId.c" produced "a.out"

The C compiler identification is GNU, found in "/home/quyupinglei/program/APBS1/cmake-build-debug/CMakeFiles/3.25.2/CompilerIdC/a.out"

Compiling the CXX compiler identification source file "CMakeCXXCompilerId.cpp" succeeded.
Compiler: /usr/bin/g++ 
Build flags: 
Id flags:  

The output was:
0


Compilation of the CXX compiler identification source "CMakeCXXCompilerId.cpp" produced "a.out"

The CXX compiler identification is GNU, found in "/home/quyupinglei/program/APBS1/cmake-build-debug/CMakeFiles/3.25.2/CompilerIdCXX/a.out"

Detecting C compiler ABI info compiled with the following output:
Change Dir: /home/quyupinglei/program/APBS1/cmake-build-debug/CMakeFiles/CMakeScratch/TryCompile-7m9Mla

Run Build Command(s):make -f Makefile cmTC_c3138/fast && make  -f CMakeFiles/cmTC_c3138.dir/build.make CMakeFiles/cmTC_c3138.dir/build
make[1]: Entering directory '/home/quyupinglei/program/APBS1/cmake-build-debug/CMakeFiles/CMakeScratch/TryCompile-7m9Mla'
Building C object CMakeFiles/cmTC_c3138.dir/CMakeCCompilerABI.c.o
/usr/bin/gcc   -fdiagnostics-color=always   -v -o CMakeFiles/cmTC_c3138.dir/CMakeCCompilerABI.c.o -c /home/quyupinglei/下载/clion-2023.1.4/bin/cmake/linux/x64/share/cmake-3.25/Modules/CMakeCCompilerABI.c
Using built-in specs.
COLLECT_GCC=/usr/bin/gcc
Target: x86_64-pc-linux-gnu
Configured with: /build/gcc/src/gcc/configure --enable-languages=ada,c,c++,d,fortran,go,lto,objc,obj-c++ --enable-bootstrap --prefix=/usr --libdir=/usr/lib --libexecdir=/usr/lib --mandir=/usr/share/man --infodir=/usr/share/info --with-bugurl=https://bugs.archlinux.org/ --with-build-config=bootstrap-lto --with-linker-hash-style=gnu --with-system-zlib --enable-__cxa_atexit --enable-cet=auto --enable-checking=release --enable-clocale=gnu --enable-default-pie --enable-default-ssp --enable-gnu-indirect-function --enable-gnu-unique-object --enable-libstdcxx-backtrace --enable-link-serialization=1 --enable-linker-build-id --enable-lto --enable-multilib --enable-plugin --enable-shared --enable-threads=posix --disable-libssp --disable-libstdcxx-pch --disable-werror
Thread model: posix
Supported LTO compression algorithms: zlib zstd
gcc version 13.1.1 20230429 (GCC) 
COLLECT_GCC_OPTIONS='-fdiagnostics-color=always' '-v' '-o' 'CMakeFiles/cmTC_c3138.dir/CMakeCCompilerABI.c.o' '-c' '-mtune=generic' '-march=x86-64' '-dumpdir' 'CMakeFiles/cmTC_c3138.dir/'
 /usr/lib/gcc/x86_64-pc-linux-gnu/13.1.1/cc1 -quiet -v /home/quyupinglei/下载/clion-2023.1.4/bin/cmake/linux/x64/share/cmake-3.25/Modules/CMakeCCompilerABI.c -quiet -dumpdir CMakeFiles/cmTC_c3138.dir/ -dumpbase CMakeCCompilerABI.c.c -dumpbase-ext .c -mtune=generic -march=x86-64 -version -fdiagnostics-color=always -o /tmp/ccEuCIis.s
GNU C17 (GCC) version 13.1.1 20230429 (x86_64-pc-linux-gnu)
	compiled by GNU C version 13.1.1 20230429, GMP version 6.2.1, MPFR version 4.2.0, MPC version 1.3.1, isl version isl-0.26-GMP

warning: MPFR header version 4.2.0 differs from library version 4.2.0-p7.
GGC heuristics: --param ggc-min-expand=100 --param ggc-min-heapsize=131072
ignoring nonexistent directory "/usr/lib/gcc/x86_64-pc-linux-gnu/13.1.1/../../../../x86_64-pc-linux-gnu/include"
#include "..." search starts here:
#include <...> search starts here:
 /usr/lib/gcc/x86_64-pc-linux-gnu/13.1.1/include
 /usr/local/include
 /usr/lib/gcc/x86_64-pc-linux-gnu/13.1.1/include-fixed
 /usr/include
End of search list.
Compiler executable checksum: f7ab8f6abad0db9962575524ae915978
COLLECT_GCC_OPTIONS='-fdiagnostics-color=always' '-v' '-o' 'CMakeFiles/cmTC_c3138.dir/CMakeCCompilerABI.c.o' '-c' '-mtune=generic' '-march=x86-64' '-dumpdir' 'CMakeFiles/cmTC_c3138.dir/'
 as -v --64 -o CMakeFiles/cmTC_c3138.dir/CMakeCCompilerABI.c.o /tmp/ccEuCIis.s
GNU assembler version 2.40.0 (x86_64-pc-linux-gnu) using BFD version (GNU Binutils) 2.40.0
COMPILER_PATH=/usr/lib/gcc/x86_64-pc-linux-gnu/13.1.1/:/usr/lib/gcc/x86_64-pc-linux-gnu/13.1.1/:/usr/lib/gcc/x86_64-pc-linux-gnu/:/usr/lib/gcc/x86_64-pc-linux-gnu/13.1.1/:/usr/lib/gcc/x86_64-pc-linux-gnu/
LIBRARY_PATH=/usr/lib/gcc/x86_64-pc-linux-gnu/13.1.1/:/usr/lib/gcc/x86_64-pc-linux-gnu/13.1.1/../../../../lib/:/lib/../lib/:/usr/lib/../lib/:/usr/lib/gcc/x86_64-pc-linux-gnu/13.1.1/../../../:/lib/:/usr/lib/
COLLECT_GCC_OPTIONS='-fdiagnostics-color=always' '-v' '-o' 'CMakeFiles/cmTC_c3138.dir/CMakeCCompilerABI.c.o' '-c' '-mtune=generic' '-march=x86-64' '-dumpdir' 'CMakeFiles/cmTC_c3138.dir/CMakeCCompilerABI.c.'
Linking C executable cmTC_c3138
/home/quyupinglei/下载/clion-2023.1.4/bin/cmake/linux/x64/bin/cmake -E cmake_link_script CMakeFiles/cmTC_c3138.dir/link.txt --verbose=1
/usr/bin/gcc  -v CMakeFiles/cmTC_c3138.dir/CMakeCCompilerABI.c.o -o cmTC_c3138 
Using built-in specs.
COLLECT_GCC=/usr/bin/gcc
COLLECT_LTO_WRAPPER=/usr/lib/gcc/x86_64-pc-linux-gnu/13.1.1/lto-wrapper
Target: x86_64-pc-linux-gnu
Configured with: /build/gcc/src/gcc/configure --enable-languages=ada,c,c++,d,fortran,go,lto,objc,obj-c++ --enable-bootstrap --prefix=/usr --libdir=/usr/lib --libexecdir=/usr/lib --mandir=/usr/share/man --infodir=/usr/share/info --with-bugurl=https://bugs.archlinux.org/ --with-build-config=bootstrap-lto --with-linker-hash-style=gnu --with-system-zlib --enable-__cxa_atexit --enable-cet=auto --enable-checking=release --enable-clocale=gnu --enable-default-pie --enable-default-ssp --enable-gnu-indirect-function --enable-gnu-unique-object --enable-libstdcxx-backtrace --enable-link-serialization=1 --enable-linker-build-id --enable-lto --enable-multilib --enable-plugin --enable-shared --enable-threads=posix --disable-libssp --disable-libstdcxx-pch --disable-werror
Thread model: posix
Supported LTO compression algorithms: zlib zstd
gcc version 13.1.1 20230429 (GCC) 
COMPILER_PATH=/usr/lib/gcc/x86_64-pc-linux-gnu/13.1.1/:/usr/lib/gcc/x86_64-pc-linux-gnu/13.1.1/:/usr/lib/gcc/x86_64-pc-linux-gnu/:/usr/lib/gcc/x86_64-pc-linux-gnu/13.1.1/:/usr/lib/gcc/x86_64-pc-linux-gnu/
LIBRARY_PATH=/usr/lib/gcc/x86_64-pc-linux-gnu/13.1.1/:/usr/lib/gcc/x86_64-pc-linux-gnu/13.1.1/../../../../lib/:/lib/../lib/:/usr/lib/../lib/:/usr/lib/gcc/x86_64-pc-linux-gnu/13.1.1/../../../:/lib/:/usr/lib/
COLLECT_GCC_OPTIONS='-v' '-o' 'cmTC_c3138' '-mtune=generic' '-march=x86-64' '-dumpdir' 'cmTC_c3138.'
 /usr/lib/gcc/x86_64-pc-linux-gnu/13.1.1/collect2 -plugin /usr/lib/gcc/x86_64-pc-linux-gnu/13.1.1/liblto_plugin.so -plugin-opt=/usr/lib/gcc/x86_64-pc-linux-gnu/13.1.1/lto-wrapper -plugin-opt=-fresolution=/tmp/ccY8T4J1.res -plugin-opt=-pass-through=-lgcc -plugin-opt=-pass-through=-lgcc_s -plugin-opt=-pass-through=-lc -plugin-opt=-pass-through=-lgcc -plugin-opt=-pass-through=-lgcc_s --build-id --eh-frame-hdr --hash-style=gnu -m elf_x86_64 -dynamic-linker /lib64/ld-linux-x86-64.so.2 -pie -o cmTC_c3138 /usr/lib/gcc/x86_64-pc-linux-gnu/13.1.1/../../../../lib/Scrt1.o /usr/lib/gcc/x86_64-pc-linux-gnu/13.1.1/../../../../lib/crti.o /usr/lib/gcc/x86_64-pc-linux-gnu/13.1.1/crtbeginS.o -L/usr/lib/gcc/x86_64-pc-linux-gnu/13.1.1 -L/usr/lib/gcc/x86_64-pc-linux-gnu/13.1.1/../../../../lib -L/lib/../lib -L/usr/lib/../lib -L/usr/lib/gcc/x86_64-pc-linux-gnu/13.1.1/../../.. CMakeFiles/cmTC_c3138.dir/CMakeCCompilerABI.c.o -lgcc --push-state --as-needed -lgcc_s --pop-state -lc -lgcc --push-state --as-needed -lgcc_s --pop-state /usr/lib/gcc/x86_64-pc-linux-gnu/13.1.1/crtendS.o /usr/lib/gcc/x86_64-pc-linux-gnu/13.1.1/../../../../lib/crtn.o
COLLECT_GCC_OPTIONS='-v' '-o' 'cmTC_c3138' '-mtune=generic' '-march=x86-64' '-dumpdir' 'cmTC_c3138.'
make[1]: Leaving directory '/home/quyupinglei/program/APBS1/cmake-build-debug/CMakeFiles/CMakeScratch/TryCompile-7m9Mla'



Parsed C implicit include dir info from above output: rv=done
  found start of include info
  found start of implicit include info
    add: [/usr/lib/gcc/x86_64-pc-linux-gnu/13.1.1/include]
    add: [/usr/local/include]
    add: [/usr/lib/gcc/x86_64-pc-linux-gnu/13.1.1/include-fixed]
    add: [/usr/include]
  end of search list found
  collapse include dir [/usr/lib/gcc/x86_64-pc-linux-gnu/13.1.1/include] ==> [/usr/lib/gcc/x86_64-pc-linux-gnu/13.1.1/include]
  collapse include dir [/usr/local/include] ==> [/usr/local/include]
  collapse include dir [/usr/lib/gcc/x86_64-pc-linux-gnu/13.1.1/include-fixed] ==> [/usr/lib/gcc/x86_64-pc-linux-gnu/13.1.1/include-fixed]
  collapse include dir [/usr/include] ==> [/usr/include]
  implicit include dirs: [/usr/lib/gcc/x86_64-pc-linux-gnu/13.1.1/include;/usr/local/include;/usr/lib/gcc/x86_64-pc-linux-gnu/13.1.1/include-fixed;/usr/include]


Parsed C implicit link information from above output:
  link line regex: [^( *|.*[/\])(ld|CMAKE_LINK_STARTFILE-NOTFOUND|([^/\]+-)?ld|collect2)[^/\]*( |$)]
  ignore line: [Change Dir: /home/quyupinglei/program/APBS1/cmake-build-debug/CMakeFiles/CMakeScratch/TryCompile-7m9Mla]
  ignore line: []
  ignore line: [Run Build Command(s):make -f Makefile cmTC_c3138/fast && make  -f CMakeFiles/cmTC_c3138.dir/build.make CMakeFiles/cmTC_c3138.dir/build]
  ignore line: [make[1]: Entering directory '/home/quyupinglei/program/APBS1/cmake-build-debug/CMakeFiles/CMakeScratch/TryCompile-7m9Mla']
  ignore line: [Building C object CMakeFiles/cmTC_c3138.dir/CMakeCCompilerABI.c.o]
  ignore line: [/usr/bin/gcc   -fdiagnostics-color=always   -v -o CMakeFiles/cmTC_c3138.dir/CMakeCCompilerABI.c.o -c /home/quyupinglei/下载/clion-2023.1.4/bin/cmake/linux/x64/share/cmake-3.25/Modules/CMakeCCompilerABI.c]
  ignore line: [Using built-in specs.]
  ignore line: [COLLECT_GCC=/usr/bin/gcc]
  ignore line: [Target: x86_64-pc-linux-gnu]
  ignore line: [Configured with: /build/gcc/src/gcc/configure --enable-languages=ada c c++ d fortran go lto objc obj-c++ --enable-bootstrap --prefix=/usr --libdir=/usr/lib --libexecdir=/usr/lib --mandir=/usr/share/man --infodir=/usr/share/info --with-bugurl=https://bugs.archlinux.org/ --with-build-config=bootstrap-lto --with-linker-hash-style=gnu --with-system-zlib --enable-__cxa_atexit --enable-cet=auto --enable-checking=release --enable-clocale=gnu --enable-default-pie --enable-default-ssp --enable-gnu-indirect-function --enable-gnu-unique-object --enable-libstdcxx-backtrace --enable-link-serialization=1 --enable-linker-build-id --enable-lto --enable-multilib --enable-plugin --enable-shared --enable-threads=posix --disable-libssp --disable-libstdcxx-pch --disable-werror]
  ignore line: [Thread model: posix]
  ignore line: [Supported LTO compression algorithms: zlib zstd]
  ignore line: [gcc version 13.1.1 20230429 (GCC) ]
  ignore line: [COLLECT_GCC_OPTIONS='-fdiagnostics-color=always' '-v' '-o' 'CMakeFiles/cmTC_c3138.dir/CMakeCCompilerABI.c.o' '-c' '-mtune=generic' '-march=x86-64' '-dumpdir' 'CMakeFiles/cmTC_c3138.dir/']
  ignore line: [ /usr/lib/gcc/x86_64-pc-linux-gnu/13.1.1/cc1 -quiet -v /home/quyupinglei/下载/clion-2023.1.4/bin/cmake/linux/x64/share/cmake-3.25/Modules/CMakeCCompilerABI.c -quiet -dumpdir CMakeFiles/cmTC_c3138.dir/ -dumpbase CMakeCCompilerABI.c.c -dumpbase-ext .c -mtune=generic -march=x86-64 -version -fdiagnostics-color=always -o /tmp/ccEuCIis.s]
  ignore line: [GNU C17 (GCC) version 13.1.1 20230429 (x86_64-pc-linux-gnu)]
  ignore line: [	compiled by GNU C version 13.1.1 20230429  GMP version 6.2.1  MPFR version 4.2.0  MPC version 1.3.1  isl version isl-0.26-GMP]
  ignore line: []
  ignore line: [warning: MPFR header version 4.2.0 differs from library version 4.2.0-p7.]
  ignore line: [GGC heuristics: --param ggc-min-expand=100 --param ggc-min-heapsize=131072]
  ignore line: [ignoring nonexistent directory "/usr/lib/gcc/x86_64-pc-linux-gnu/13.1.1/../../../../x86_64-pc-linux-gnu/include"]
  ignore line: [#include "..." search starts here:]
  ignore line: [#include <...> search starts here:]
  ignore line: [ /usr/lib/gcc/x86_64-pc-linux-gnu/13.1.1/include]
  ignore line: [ /usr/local/include]
  ignore line: [ /usr/lib/gcc/x86_64-pc-linux-gnu/13.1.1/include-fixed]
  ignore line: [ /usr/include]
  ignore line: [End of search list.]
  ignore line: [Compiler executable checksum: f7ab8f6abad0db9962575524ae915978]
  ignore line: [COLLECT_GCC_OPTIONS='-fdiagnostics-color=always' '-v' '-o' 'CMakeFiles/cmTC_c3138.dir/CMakeCCompilerABI.c.o' '-c' '-mtune=generic' '-march=x86-64' '-dumpdir' 'CMakeFiles/cmTC_c3138.dir/']
  ignore line: [ as -v --64 -o CMakeFiles/cmTC_c3138.dir/CMakeCCompilerABI.c.o /tmp/ccEuCIis.s]
  ignore line: [GNU assembler version 2.40.0 (x86_64-pc-linux-gnu) using BFD version (GNU Binutils) 2.40.0]
  ignore line: [COMPILER_PATH=/usr/lib/gcc/x86_64-pc-linux-gnu/13.1.1/:/usr/lib/gcc/x86_64-pc-linux-gnu/13.1.1/:/usr/lib/gcc/x86_64-pc-linux-gnu/:/usr/lib/gcc/x86_64-pc-linux-gnu/13.1.1/:/usr/lib/gcc/x86_64-pc-linux-gnu/]
  ignore line: [LIBRARY_PATH=/usr/lib/gcc/x86_64-pc-linux-gnu/13.1.1/:/usr/lib/gcc/x86_64-pc-linux-gnu/13.1.1/../../../../lib/:/lib/../lib/:/usr/lib/../lib/:/usr/lib/gcc/x86_64-pc-linux-gnu/13.1.1/../../../:/lib/:/usr/lib/]
  ignore line: [COLLECT_GCC_OPTIONS='-fdiagnostics-color=always' '-v' '-o' 'CMakeFiles/cmTC_c3138.dir/CMakeCCompilerABI.c.o' '-c' '-mtune=generic' '-march=x86-64' '-dumpdir' 'CMakeFiles/cmTC_c3138.dir/CMakeCCompilerABI.c.']
  ignore line: [Linking C executable cmTC_c3138]
  ignore line: [/home/quyupinglei/下载/clion-2023.1.4/bin/cmake/linux/x64/bin/cmake -E cmake_link_script CMakeFiles/cmTC_c3138.dir/link.txt --verbose=1]
  ignore line: [/usr/bin/gcc  -v CMakeFiles/cmTC_c3138.dir/CMakeCCompilerABI.c.o -o cmTC_c3138 ]
  ignore line: [Using built-in specs.]
  ignore line: [COLLECT_GCC=/usr/bin/gcc]
  ignore line: [COLLECT_LTO_WRAPPER=/usr/lib/gcc/x86_64-pc-linux-gnu/13.1.1/lto-wrapper]
  ignore line: [Target: x86_64-pc-linux-gnu]
  ignore line: [Configured with: /build/gcc/src/gcc/configure --enable-languages=ada c c++ d fortran go lto objc obj-c++ --enable-bootstrap --prefix=/usr --libdir=/usr/lib --libexecdir=/usr/lib --mandir=/usr/share/man --infodir=/usr/share/info --with-bugurl=https://bugs.archlinux.org/ --with-build-config=bootstrap-lto --with-linker-hash-style=gnu --with-system-zlib --enable-__cxa_atexit --enable-cet=auto --enable-checking=release --enable-clocale=gnu --enable-default-pie --enable-default-ssp --enable-gnu-indirect-function --enable-gnu-unique-object --enable-libstdcxx-backtrace --enable-link-serialization=1 --enable-linker-build-id --enable-lto --enable-multilib --enable-plugin --enable-shared --enable-threads=posix --disable-libssp --disable-libstdcxx-pch --disable-werror]
  ignore line: [Thread model: posix]
  ignore line: [Supported LTO compression algorithms: zlib zstd]
  ignore line: [gcc version 13.1.1 20230429 (GCC) ]
  ignore line: [COMPILER_PATH=/usr/lib/gcc/x86_64-pc-linux-gnu/13.1.1/:/usr/lib/gcc/x86_64-pc-linux-gnu/13.1.1/:/usr/lib/gcc/x86_64-pc-linux-gnu/:/usr/lib/gcc/x86_64-pc-linux-gnu/13.1.1/:/usr/lib/gcc/x86_64-pc-linux-gnu/]
  ignore line: [LIBRARY_PATH=/usr/lib/gcc/x86_64-pc-linux-gnu/13.1.1/:/usr/lib/gcc/x86_64-pc-linux-gnu/13.1.1/../../../../lib/:/lib/../lib/:/usr/lib/../lib/:/usr/lib/gcc/x86_64-pc-linux-gnu/13.1.1/../../../:/lib/:/usr/lib/]
  ignore line: [COLLECT_GCC_OPTIONS='-v' '-o' 'cmTC_c3138' '-mtune=generic' '-march=x86-64' '-dumpdir' 'cmTC_c3138.']
  link line: [ /usr/lib/gcc/x86_64-pc-linux-gnu/13.1.1/collect2 -plugin /usr/lib/gcc/x86_64-pc-linux-gnu/13.1.1/liblto_plugin.so -plugin-opt=/usr/lib/gcc/x86_64-pc-linux-gnu/13.1.1/lto-wrapper -plugin-opt=-fresolution=/tmp/ccY8T4J1.res -plugin-opt=-pass-through=-lgcc -plugin-opt=-pass-through=-lgcc_s -plugin-opt=-pass-through=-lc -plugin-opt=-pass-through=-lgcc -plugin-opt=-pass-through=-lgcc_s --build-id --eh-frame-hdr --hash-style=gnu -m elf_x86_64 -dynamic-linker /lib64/ld-linux-x86-64.so.2 -pie -o cmTC_c3138 /usr/lib/gcc/x86_64-pc-linux-gnu/13.1.1/../../../../lib/Scrt1.o /usr/lib/gcc/x86_64-pc-linux-gnu/13.1.1/../../../../lib/crti.o /usr/lib/gcc/x86_64-pc-linux-gnu/13.1.1/crtbeginS.o -L/usr/lib/gcc/x86_64-pc-linux-gnu/13.1.1 -L/usr/lib/gcc/x86_64-pc-linux-gnu/13.1.1/../../../../lib -L/lib/../lib -L/usr/lib/../lib -L/usr/lib/gcc/x86_64-pc-linux-gnu/13.1.1/../../.. CMakeFiles/cmTC_c3138.dir/CMakeCCompilerABI.c.o -lgcc --push-state --as-needed -lgcc_s --pop-state -lc -lgcc --push-state --as-needed -lgcc_s --pop-state /usr/lib/gcc/x86_64-pc-linux-gnu/13.1.1/crtendS.o /usr/lib/gcc/x86_64-pc-linux-gnu/13.1.1/../../../../lib/crtn.o]
    arg [/usr/lib/gcc/x86_64-pc-linux-gnu/13.1.1/collect2] ==> ignore
    arg [-plugin] ==> ignore
    arg [/usr/lib/gcc/x86_64-pc-linux-gnu/13.1.1/liblto_plugin.so] ==> ignore
    arg [-plugin-opt=/usr/lib/gcc/x86_64-pc-linux-gnu/13.1.1/lto-wrapper] ==> ignore
    arg [-plugin-opt=-fresolution=/tmp/ccY8T4J1.res] ==> ignore
    arg [-plugin-opt=-pass-through=-lgcc] ==> ignore
    arg [-plugin-opt=-pass-through=-lgcc_s] ==> ignore
    arg [-plugin-opt=-pass-through=-lc] ==> ignore
    arg [-plugin-opt=-pass-through=-lgcc] ==> ignore
    arg [-plugin-opt=-pass-through=-lgcc_s] ==> ignore
    arg [--build-id] ==> ignore
    arg [--eh-frame-hdr] ==> ignore
    arg [--hash-style=gnu] ==> ignore
    arg [-m] ==> ignore
    arg [elf_x86_64] ==> ignore
    arg [-dynamic-linker] ==> ignore
    arg [/lib64/ld-linux-x86-64.so.2] ==> ignore
    arg [-pie] ==> ignore
    arg [-o] ==> ignore
    arg [cmTC_c3138] ==> ignore
    arg [/usr/lib/gcc/x86_64-pc-linux-gnu/13.1.1/../../../../lib/Scrt1.o] ==> obj [/usr/lib/gcc/x86_64-pc-linux-gnu/13.1.1/../../../../lib/Scrt1.o]
    arg [/usr/lib/gcc/x86_64-pc-linux-gnu/13.1.1/../../../../lib/crti.o] ==> obj [/usr/lib/gcc/x86_64-pc-linux-gnu/13.1.1/../../../../lib/crti.o]
    arg [/usr/lib/gcc/x86_64-pc-linux-gnu/13.1.1/crtbeginS.o] ==> obj [/usr/lib/gcc/x86_64-pc-linux-gnu/13.1.1/crtbeginS.o]
    arg [-L/usr/lib/gcc/x86_64-pc-linux-gnu/13.1.1] ==> dir [/usr/lib/gcc/x86_64-pc-linux-gnu/13.1.1]
    arg [-L/usr/lib/gcc/x86_64-pc-linux-gnu/13.1.1/../../../../lib] ==> dir [/usr/lib/gcc/x86_64-pc-linux-gnu/13.1.1/../../../../lib]
    arg [-L/lib/../lib] ==> dir [/lib/../lib]
    arg [-L/usr/lib/../lib] ==> dir [/usr/lib/../lib]
    arg [-L/usr/lib/gcc/x86_64-pc-linux-gnu/13.1.1/../../..] ==> dir [/usr/lib/gcc/x86_64-pc-linux-gnu/13.1.1/../../..]
    arg [CMakeFiles/cmTC_c3138.dir/CMakeCCompilerABI.c.o] ==> ignore
    arg [-lgcc] ==> lib [gcc]
    arg [--push-state] ==> ignore
    arg [--as-needed] ==> ignore
    arg [-lgcc_s] ==> lib [gcc_s]
    arg [--pop-state] ==> ignore
    arg [-lc] ==> lib [c]
    arg [-lgcc] ==> lib [gcc]
    arg [--push-state] ==> ignore
    arg [--as-needed] ==> ignore
    arg [-lgcc_s] ==> lib [gcc_s]
    arg [--pop-state] ==> ignore
    arg [/usr/lib/gcc/x86_64-pc-linux-gnu/13.1.1/crtendS.o] ==> obj [/usr/lib/gcc/x86_64-pc-linux-gnu/13.1.1/crtendS.o]
    arg [/usr/lib/gcc/x86_64-pc-linux-gnu/13.1.1/../../../../lib/crtn.o] ==> obj [/usr/lib/gcc/x86_64-pc-linux-gnu/13.1.1/../../../../lib/crtn.o]
  collapse obj [/usr/lib/gcc/x86_64-pc-linux-gnu/13.1.1/../../../../lib/Scrt1.o] ==> [/usr/lib/Scrt1.o]
  collapse obj [/usr/lib/gcc/x86_64-pc-linux-gnu/13.1.1/../../../../lib/crti.o] ==> [/usr/lib/crti.o]
  collapse obj [/usr/lib/gcc/x86_64-pc-linux-gnu/13.1.1/../../../../lib/crtn.o] ==> [/usr/lib/crtn.o]
  collapse library dir [/usr/lib/gcc/x86_64-pc-linux-gnu/13.1.1] ==> [/usr/lib/gcc/x86_64-pc-linux-gnu/13.1.1]
  collapse library dir [/usr/lib/gcc/x86_64-pc-linux-gnu/13.1.1/../../../../lib] ==> [/usr/lib]
  collapse library dir [/lib/../lib] ==> [/lib]
  collapse library dir [/usr/lib/../lib] ==> [/usr/lib]
  collapse library dir [/usr/lib/gcc/x86_64-pc-linux-gnu/13.1.1/../../..] ==> [/usr/lib]
  implicit libs: [gcc;gcc_s;c;gcc;gcc_s]
  implicit objs: [/usr/lib/Scrt1.o;/usr/lib/crti.o;/usr/lib/gcc/x86_64-pc-linux-gnu/13.1.1/crtbeginS.o;/usr/lib/gcc/x86_64-pc-linux-gnu/13.1.1/crtendS.o;/usr/lib/crtn.o]
  implicit dirs: [/usr/lib/gcc/x86_64-pc-linux-gnu/13.1.1;/usr/lib;/lib]
  implicit fwks: []


Detecting CXX compiler ABI info compiled with the following output:
Change Dir: /home/quyupinglei/program/APBS1/cmake-build-debug/CMakeFiles/CMakeScratch/TryCompile-kXusS0

Run Build Command(s):make -f Makefile cmTC_29640/fast && make  -f CMakeFiles/cmTC_29640.dir/build.make CMakeFiles/cmTC_29640.dir/build
make[1]: Entering directory '/home/quyupinglei/program/APBS1/cmake-build-debug/CMakeFiles/CMakeScratch/TryCompile-kXusS0'
Building CXX object CMakeFiles/cmTC_29640.dir/CMakeCXXCompilerABI.cpp.o
/usr/bin/g++   -fdiagnostics-color=always   -v -o CMakeFiles/cmTC_29640.dir/CMakeCXXCompilerABI.cpp.o -c /home/quyupinglei/下载/clion-2023.1.4/bin/cmake/linux/x64/share/cmake-3.25/Modules/CMakeCXXCompilerABI.cpp
Using built-in specs.
COLLECT_GCC=/usr/bin/g++
Target: x86_64-pc-linux-gnu
Configured with: /build/gcc/src/gcc/configure --enable-languages=ada,c,c++,d,fortran,go,lto,objc,obj-c++ --enable-bootstrap --prefix=/usr --libdir=/usr/lib --libexecdir=/usr/lib --mandir=/usr/share/man --infodir=/usr/share/info --with-bugurl=https://bugs.archlinux.org/ --with-build-config=bootstrap-lto --with-linker-hash-style=gnu --with-system-zlib --enable-__cxa_atexit --enable-cet=auto --enable-checking=release --enable-clocale=gnu --enable-default-pie --enable-default-ssp --enable-gnu-indirect-function --enable-gnu-unique-object --enable-libstdcxx-backtrace --enable-link-serialization=1 --enable-linker-build-id --enable-lto --enable-multilib --enable-plugin --enable-shared --enable-threads=posix --disable-libssp --disable-libstdcxx-pch --disable-werror
Thread model: posix
Supported LTO compression algorithms: zlib zstd
gcc version 13.1.1 20230429 (GCC) 
COLLECT_GCC_OPTIONS='-fdiagnostics-color=always' '-v' '-o' 'CMakeFiles/cmTC_29640.dir/CMakeCXXCompilerABI.cpp.o' '-c' '-shared-libgcc' '-mtune=generic' '-march=x86-64' '-dumpdir' 'CMakeFiles/cmTC_29640.dir/'
 /usr/lib/gcc/x86_64-pc-linux-gnu/13.1.1/cc1plus -quiet -v -D_GNU_SOURCE /home/quyupinglei/下载/clion-2023.1.4/bin/cmake/linux/x64/share/cmake-3.25/Modules/CMakeCXXCompilerABI.cpp -quiet -dumpdir CMakeFiles/cmTC_29640.dir/ -dumpbase CMakeCXXCompilerABI.cpp.cpp -dumpbase-ext .cpp -mtune=generic -march=x86-64 -version -fdiagnostics-color=always -o /tmp/ccVbE4yB.s
GNU C++17 (GCC) version 13.1.1 20230429 (x86_64-pc-linux-gnu)
	compiled by GNU C version 13.1.1 20230429, GMP version 6.2.1, MPFR version 4.2.0, MPC version 1.3.1, isl version isl-0.26-GMP

warning: MPFR header version 4.2.0 differs from library version 4.2.0-p7.
GGC heuristics: --param ggc-min-expand=100 --param ggc-min-heapsize=131072
ignoring nonexistent directory "/usr/lib/gcc/x86_64-pc-linux-gnu/13.1.1/../../../../x86_64-pc-linux-gnu/include"
#include "..." search starts here:
#include <...> search starts here:
 /usr/lib/gcc/x86_64-pc-linux-gnu/13.1.1/../../../../include/c++/13.1.1
 /usr/lib/gcc/x86_64-pc-linux-gnu/13.1.1/../../../../include/c++/13.1.1/x86_64-pc-linux-gnu
 /usr/lib/gcc/x86_64-pc-linux-gnu/13.1.1/../../../../include/c++/13.1.1/backward
 /usr/lib/gcc/x86_64-pc-linux-gnu/13.1.1/include
 /usr/local/include
 /usr/lib/gcc/x86_64-pc-linux-gnu/13.1.1/include-fixed
 /usr/include
End of search list.
Compiler executable checksum: e149eaca55f4ee2a0171ba2b54b0dc8d
COLLECT_GCC_OPTIONS='-fdiagnostics-color=always' '-v' '-o' 'CMakeFiles/cmTC_29640.dir/CMakeCXXCompilerABI.cpp.o' '-c' '-shared-libgcc' '-mtune=generic' '-march=x86-64' '-dumpdir' 'CMakeFiles/cmTC_29640.dir/'
 as -v --64 -o CMakeFiles/cmTC_29640.dir/CMakeCXXCompilerABI.cpp.o /tmp/ccVbE4yB.s
GNU assembler version 2.40.0 (x86_64-pc-linux-gnu) using BFD version (GNU Binutils) 2.40.0
COMPILER_PATH=/usr/lib/gcc/x86_64-pc-linux-gnu/13.1.1/:/usr/lib/gcc/x86_64-pc-linux-gnu/13.1.1/:/usr/lib/gcc/x86_64-pc-linux-gnu/:/usr/lib/gcc/x86_64-pc-linux-gnu/13.1.1/:/usr/lib/gcc/x86_64-pc-linux-gnu/
LIBRARY_PATH=/usr/lib/gcc/x86_64-pc-linux-gnu/13.1.1/:/usr/lib/gcc/x86_64-pc-linux-gnu/13.1.1/../../../../lib/:/lib/../lib/:/usr/lib/../lib/:/usr/lib/gcc/x86_64-pc-linux-gnu/13.1.1/../../../:/lib/:/usr/lib/
COLLECT_GCC_OPTIONS='-fdiagnostics-color=always' '-v' '-o' 'CMakeFiles/cmTC_29640.dir/CMakeCXXCompilerABI.cpp.o' '-c' '-shared-libgcc' '-mtune=generic' '-march=x86-64' '-dumpdir' 'CMakeFiles/cmTC_29640.dir/CMakeCXXCompilerABI.cpp.'
Linking CXX executable cmTC_29640
/home/quyupinglei/下载/clion-2023.1.4/bin/cmake/linux/x64/bin/cmake -E cmake_link_script CMakeFiles/cmTC_29640.dir/link.txt --verbose=1
/usr/bin/g++  -v CMakeFiles/cmTC_29640.dir/CMakeCXXCompilerABI.cpp.o -o cmTC_29640 
Using built-in specs.
COLLECT_GCC=/usr/bin/g++
COLLECT_LTO_WRAPPER=/usr/lib/gcc/x86_64-pc-linux-gnu/13.1.1/lto-wrapper
Target: x86_64-pc-linux-gnu
Configured with: /build/gcc/src/gcc/configure --enable-languages=ada,c,c++,d,fortran,go,lto,objc,obj-c++ --enable-bootstrap --prefix=/usr --libdir=/usr/lib --libexecdir=/usr/lib --mandir=/usr/share/man --infodir=/usr/share/info --with-bugurl=https://bugs.archlinux.org/ --with-build-config=bootstrap-lto --with-linker-hash-style=gnu --with-system-zlib --enable-__cxa_atexit --enable-cet=auto --enable-checking=release --enable-clocale=gnu --enable-default-pie --enable-default-ssp --enable-gnu-indirect-function --enable-gnu-unique-object --enable-libstdcxx-backtrace --enable-link-serialization=1 --enable-linker-build-id --enable-lto --enable-multilib --enable-plugin --enable-shared --enable-threads=posix --disable-libssp --disable-libstdcxx-pch --disable-werror
Thread model: posix
Supported LTO compression algorithms: zlib zstd
gcc version 13.1.1 20230429 (GCC) 
COMPILER_PATH=/usr/lib/gcc/x86_64-pc-linux-gnu/13.1.1/:/usr/lib/gcc/x86_64-pc-linux-gnu/13.1.1/:/usr/lib/gcc/x86_64-pc-linux-gnu/:/usr/lib/gcc/x86_64-pc-linux-gnu/13.1.1/:/usr/lib/gcc/x86_64-pc-linux-gnu/
LIBRARY_PATH=/usr/lib/gcc/x86_64-pc-linux-gnu/13.1.1/:/usr/lib/gcc/x86_64-pc-linux-gnu/13.1.1/../../../../lib/:/lib/../lib/:/usr/lib/../lib/:/usr/lib/gcc/x86_64-pc-linux-gnu/13.1.1/../../../:/lib/:/usr/lib/
COLLECT_GCC_OPTIONS='-v' '-o' 'cmTC_29640' '-shared-libgcc' '-mtune=generic' '-march=x86-64' '-dumpdir' 'cmTC_29640.'
 /usr/lib/gcc/x86_64-pc-linux-gnu/13.1.1/collect2 -plugin /usr/lib/gcc/x86_64-pc-linux-gnu/13.1.1/liblto_plugin.so -plugin-opt=/usr/lib/gcc/x86_64-pc-linux-gnu/13.1.1/lto-wrapper -plugin-opt=-fresolution=/tmp/ccCSlCSH.res -plugin-opt=-pass-through=-lgcc_s -plugin-opt=-pass-through=-lgcc -plugin-opt=-pass-through=-lc -plugin-opt=-pass-through=-lgcc_s -plugin-opt=-pass-through=-lgcc --build-id --eh-frame-hdr --hash-style=gnu -m elf_x86_64 -dynamic-linker /lib64/ld-linux-x86-64.so.2 -pie -o cmTC_29640 /usr/lib/gcc/x86_64-pc-linux-gnu/13.1.1/../../../../lib/Scrt1.o /usr/lib/gcc/x86_64-pc-linux-gnu/13.1.1/../../../../lib/crti.o /usr/lib/gcc/x86_64-pc-linux-gnu/13.1.1/crtbeginS.o -L/usr/lib/gcc/x86_64-pc-linux-gnu/13.1.1 -L/usr/lib/gcc/x86_64-pc-linux-gnu/13.1.1/../../../../lib -L/lib/../lib -L/usr/lib/../lib -L/usr/lib/gcc/x86_64-pc-linux-gnu/13.1.1/../../.. CMakeFiles/cmTC_29640.dir/CMakeCXXCompilerABI.cpp.o -lstdc++ -lm -lgcc_s -lgcc -lc -lgcc_s -lgcc /usr/lib/gcc/x86_64-pc-linux-gnu/13.1.1/crtendS.o /usr/lib/gcc/x86_64-pc-linux-gnu/13.1.1/../../../../lib/crtn.o
COLLECT_GCC_OPTIONS='-v' '-o' 'cmTC_29640' '-shared-libgcc' '-mtune=generic' '-march=x86-64' '-dumpdir' 'cmTC_29640.'
make[1]: Leaving directory '/home/quyupinglei/program/APBS1/cmake-build-debug/CMakeFiles/CMakeScratch/TryCompile-kXusS0'



Parsed CXX implicit include dir info from above output: rv=done
  found start of include info
  found start of implicit include info
    add: [/usr/lib/gcc/x86_64-pc-linux-gnu/13.1.1/../../../../include/c++/13.1.1]
    add: [/usr/lib/gcc/x86_64-pc-linux-gnu/13.1.1/../../../../include/c++/13.1.1/x86_64-pc-linux-gnu]
    add: [/usr/lib/gcc/x86_64-pc-linux-gnu/13.1.1/../../../../include/c++/13.1.1/backward]
    add: [/usr/lib/gcc/x86_64-pc-linux-gnu/13.1.1/include]
    add: [/usr/local/include]
    add: [/usr/lib/gcc/x86_64-pc-linux-gnu/13.1.1/include-fixed]
    add: [/usr/include]
  end of search list found
  collapse include dir [/usr/lib/gcc/x86_64-pc-linux-gnu/13.1.1/../../../../include/c++/13.1.1] ==> [/usr/include/c++/13.1.1]
  collapse include dir [/usr/lib/gcc/x86_64-pc-linux-gnu/13.1.1/../../../../include/c++/13.1.1/x86_64-pc-linux-gnu] ==> [/usr/include/c++/13.1.1/x86_64-pc-linux-gnu]
  collapse include dir [/usr/lib/gcc/x86_64-pc-linux-gnu/13.1.1/../../../../include/c++/13.1.1/backward] ==> [/usr/include/c++/13.1.1/backward]
  collapse include dir [/usr/lib/gcc/x86_64-pc-linux-gnu/13.1.1/include] ==> [/usr/lib/gcc/x86_64-pc-linux-gnu/13.1.1/include]
  collapse include dir [/usr/local/include] ==> [/usr/local/include]
  collapse include dir [/usr/lib/gcc/x86_64-pc-linux-gnu/13.1.1/include-fixed] ==> [/usr/lib/gcc/x86_64-pc-linux-gnu/13.1.1/include-fixed]
  collapse include dir [/usr/include] ==> [/usr/include]
  implicit include dirs: [/usr/include/c++/13.1.1;/usr/include/c++/13.1.1/x86_64-pc-linux-gnu;/usr/include/c++/13.1.1/backward;/usr/lib/gcc/x86_64-pc-linux-gnu/13.1.1/include;/usr/local/include;/usr/lib/gcc/x86_64-pc-linux-gnu/13.1.1/include-fixed;/usr/include]


Parsed CXX implicit link information from above output:
  link line regex: [^( *|.*[/\])(ld|CMAKE_LINK_STARTFILE-NOTFOUND|([^/\]+-)?ld|collect2)[^/\]*( |$)]
  ignore line: [Change Dir: /home/quyupinglei/program/APBS1/cmake-build-debug/CMakeFiles/CMakeScratch/TryCompile-kXusS0]
  ignore line: []
  ignore line: [Run Build Command(s):make -f Makefile cmTC_29640/fast && make  -f CMakeFiles/cmTC_29640.dir/build.make CMakeFiles/cmTC_29640.dir/build]
  ignore line: [make[1]: Entering directory '/home/quyupinglei/program/APBS1/cmake-build-debug/CMakeFiles/CMakeScratch/TryCompile-kXusS0']
  ignore line: [Building CXX object CMakeFiles/cmTC_29640.dir/CMakeCXXCompilerABI.cpp.o]
  ignore line: [/usr/bin/g++   -fdiagnostics-color=always   -v -o CMakeFiles/cmTC_29640.dir/CMakeCXXCompilerABI.cpp.o -c /home/quyupinglei/下载/clion-2023.1.4/bin/cmake/linux/x64/share/cmake-3.25/Modules/CMakeCXXCompilerABI.cpp]
  ignore line: [Using built-in specs.]
  ignore line: [COLLECT_GCC=/usr/bin/g++]
  ignore line: [Target: x86_64-pc-linux-gnu]
  ignore line: [Configured with: /build/gcc/src/gcc/configure --enable-languages=ada c c++ d fortran go lto objc obj-c++ --enable-bootstrap --prefix=/usr --libdir=/usr/lib --libexecdir=/usr/lib --mandir=/usr/share/man --infodir=/usr/share/info --with-bugurl=https://bugs.archlinux.org/ --with-build-config=bootstrap-lto --with-linker-hash-style=gnu --with-system-zlib --enable-__cxa_atexit --enable-cet=auto --enable-checking=release --enable-clocale=gnu --enable-default-pie --enable-default-ssp --enable-gnu-indirect-function --enable-gnu-unique-object --enable-libstdcxx-backtrace --enable-link-serialization=1 --enable-linker-build-id --enable-lto --enable-multilib --enable-plugin --enable-shared --enable-threads=posix --disable-libssp --disable-libstdcxx-pch --disable-werror]
  ignore line: [Thread model: posix]
  ignore line: [Supported LTO compression algorithms: zlib zstd]
  ignore line: [gcc version 13.1.1 20230429 (GCC) ]
  ignore line: [COLLECT_GCC_OPTIONS='-fdiagnostics-color=always' '-v' '-o' 'CMakeFiles/cmTC_29640.dir/CMakeCXXCompilerABI.cpp.o' '-c' '-shared-libgcc' '-mtune=generic' '-march=x86-64' '-dumpdir' 'CMakeFiles/cmTC_29640.dir/']
  ignore line: [ /usr/lib/gcc/x86_64-pc-linux-gnu/13.1.1/cc1plus -quiet -v -D_GNU_SOURCE /home/quyupinglei/下载/clion-2023.1.4/bin/cmake/linux/x64/share/cmake-3.25/Modules/CMakeCXXCompilerABI.cpp -quiet -dumpdir CMakeFiles/cmTC_29640.dir/ -dumpbase CMakeCXXCompilerABI.cpp.cpp -dumpbase-ext .cpp -mtune=generic -march=x86-64 -version -fdiagnostics-color=always -o /tmp/ccVbE4yB.s]
  ignore line: [GNU C++17 (GCC) version 13.1.1 20230429 (x86_64-pc-linux-gnu)]
  ignore line: [	compiled by GNU C version 13.1.1 20230429  GMP version 6.2.1  MPFR version 4.2.0  MPC version 1.3.1  isl version isl-0.26-GMP]
  ignore line: []
  ignore line: [warning: MPFR header version 4.2.0 differs from library version 4.2.0-p7.]
  ignore line: [GGC heuristics: --param ggc-min-expand=100 --param ggc-min-heapsize=131072]
  ignore line: [ignoring nonexistent directory "/usr/lib/gcc/x86_64-pc-linux-gnu/13.1.1/../../../../x86_64-pc-linux-gnu/include"]
  ignore line: [#include "..." search starts here:]
  ignore line: [#include <...> search starts here:]
  ignore line: [ /usr/lib/gcc/x86_64-pc-linux-gnu/13.1.1/../../../../include/c++/13.1.1]
  ignore line: [ /usr/lib/gcc/x86_64-pc-linux-gnu/13.1.1/../../../../include/c++/13.1.1/x86_64-pc-linux-gnu]
  ignore line: [ /usr/lib/gcc/x86_64-pc-linux-gnu/13.1.1/../../../../include/c++/13.1.1/backward]
  ignore line: [ /usr/lib/gcc/x86_64-pc-linux-gnu/13.1.1/include]
  ignore line: [ /usr/local/include]
  ignore line: [ /usr/lib/gcc/x86_64-pc-linux-gnu/13.1.1/include-fixed]
  ignore line: [ /usr/include]
  ignore line: [End of search list.]
  ignore line: [Compiler executable checksum: e149eaca55f4ee2a0171ba2b54b0dc8d]
  ignore line: [COLLECT_GCC_OPTIONS='-fdiagnostics-color=always' '-v' '-o' 'CMakeFiles/cmTC_29640.dir/CMakeCXXCompilerABI.cpp.o' '-c' '-shared-libgcc' '-mtune=generic' '-march=x86-64' '-dumpdir' 'CMakeFiles/cmTC_29640.dir/']
  ignore line: [ as -v --64 -o CMakeFiles/cmTC_29640.dir/CMakeCXXCompilerABI.cpp.o /tmp/ccVbE4yB.s]
  ignore line: [GNU assembler version 2.40.0 (x86_64-pc-linux-gnu) using BFD version (GNU Binutils) 2.40.0]
  ignore line: [COMPILER_PATH=/usr/lib/gcc/x86_64-pc-linux-gnu/13.1.1/:/usr/lib/gcc/x86_64-pc-linux-gnu/13.1.1/:/usr/lib/gcc/x86_64-pc-linux-gnu/:/usr/lib/gcc/x86_64-pc-linux-gnu/13.1.1/:/usr/lib/gcc/x86_64-pc-linux-gnu/]
  ignore line: [LIBRARY_PATH=/usr/lib/gcc/x86_64-pc-linux-gnu/13.1.1/:/usr/lib/gcc/x86_64-pc-linux-gnu/13.1.1/../../../../lib/:/lib/../lib/:/usr/lib/../lib/:/usr/lib/gcc/x86_64-pc-linux-gnu/13.1.1/../../../:/lib/:/usr/lib/]
  ignore line: [COLLECT_GCC_OPTIONS='-fdiagnostics-color=always' '-v' '-o' 'CMakeFiles/cmTC_29640.dir/CMakeCXXCompilerABI.cpp.o' '-c' '-shared-libgcc' '-mtune=generic' '-march=x86-64' '-dumpdir' 'CMakeFiles/cmTC_29640.dir/CMakeCXXCompilerABI.cpp.']
  ignore line: [Linking CXX executable cmTC_29640]
  ignore line: [/home/quyupinglei/下载/clion-2023.1.4/bin/cmake/linux/x64/bin/cmake -E cmake_link_script CMakeFiles/cmTC_29640.dir/link.txt --verbose=1]
  ignore line: [/usr/bin/g++  -v CMakeFiles/cmTC_29640.dir/CMakeCXXCompilerABI.cpp.o -o cmTC_29640 ]
  ignore line: [Using built-in specs.]
  ignore line: [COLLECT_GCC=/usr/bin/g++]
  ignore line: [COLLECT_LTO_WRAPPER=/usr/lib/gcc/x86_64-pc-linux-gnu/13.1.1/lto-wrapper]
  ignore line: [Target: x86_64-pc-linux-gnu]
  ignore line: [Configured with: /build/gcc/src/gcc/configure --enable-languages=ada c c++ d fortran go lto objc obj-c++ --enable-bootstrap --prefix=/usr --libdir=/usr/lib --libexecdir=/usr/lib --mandir=/usr/share/man --infodir=/usr/share/info --with-bugurl=https://bugs.archlinux.org/ --with-build-config=bootstrap-lto --with-linker-hash-style=gnu --with-system-zlib --enable-__cxa_atexit --enable-cet=auto --enable-checking=release --enable-clocale=gnu --enable-default-pie --enable-default-ssp --enable-gnu-indirect-function --enable-gnu-unique-object --enable-libstdcxx-backtrace --enable-link-serialization=1 --enable-linker-build-id --enable-lto --enable-multilib --enable-plugin --enable-shared --enable-threads=posix --disable-libssp --disable-libstdcxx-pch --disable-werror]
  ignore line: [Thread model: posix]
  ignore line: [Supported LTO compression algorithms: zlib zstd]
  ignore line: [gcc version 13.1.1 20230429 (GCC) ]
  ignore line: [COMPILER_PATH=/usr/lib/gcc/x86_64-pc-linux-gnu/13.1.1/:/usr/lib/gcc/x86_64-pc-linux-gnu/13.1.1/:/usr/lib/gcc/x86_64-pc-linux-gnu/:/usr/lib/gcc/x86_64-pc-linux-gnu/13.1.1/:/usr/lib/gcc/x86_64-pc-linux-gnu/]
  ignore line: [LIBRARY_PATH=/usr/lib/gcc/x86_64-pc-linux-gnu/13.1.1/:/usr/lib/gcc/x86_64-pc-linux-gnu/13.1.1/../../../../lib/:/lib/../lib/:/usr/lib/../lib/:/usr/lib/gcc/x86_64-pc-linux-gnu/13.1.1/../../../:/lib/:/usr/lib/]
  ignore line: [COLLECT_GCC_OPTIONS='-v' '-o' 'cmTC_29640' '-shared-libgcc' '-mtune=generic' '-march=x86-64' '-dumpdir' 'cmTC_29640.']
  link line: [ /usr/lib/gcc/x86_64-pc-linux-gnu/13.1.1/collect2 -plugin /usr/lib/gcc/x86_64-pc-linux-gnu/13.1.1/liblto_plugin.so -plugin-opt=/usr/lib/gcc/x86_64-pc-linux-gnu/13.1.1/lto-wrapper -plugin-opt=-fresolution=/tmp/ccCSlCSH.res -plugin-opt=-pass-through=-lgcc_s -plugin-opt=-pass-through=-lgcc -plugin-opt=-pass-through=-lc -plugin-opt=-pass-through=-lgcc_s -plugin-opt=-pass-through=-lgcc --build-id --eh-frame-hdr --hash-style=gnu -m elf_x86_64 -dynamic-linker /lib64/ld-linux-x86-64.so.2 -pie -o cmTC_29640 /usr/lib/gcc/x86_64-pc-linux-gnu/13.1.1/../../../../lib/Scrt1.o /usr/lib/gcc/x86_64-pc-linux-gnu/13.1.1/../../../../lib/crti.o /usr/lib/gcc/x86_64-pc-linux-gnu/13.1.1/crtbeginS.o -L/usr/lib/gcc/x86_64-pc-linux-gnu/13.1.1 -L/usr/lib/gcc/x86_64-pc-linux-gnu/13.1.1/../../../../lib -L/lib/../lib -L/usr/lib/../lib -L/usr/lib/gcc/x86_64-pc-linux-gnu/13.1.1/../../.. CMakeFiles/cmTC_29640.dir/CMakeCXXCompilerABI.cpp.o -lstdc++ -lm -lgcc_s -lgcc -lc -lgcc_s -lgcc /usr/lib/gcc/x86_64-pc-linux-gnu/13.1.1/crtendS.o /usr/lib/gcc/x86_64-pc-linux-gnu/13.1.1/../../../../lib/crtn.o]
    arg [/usr/lib/gcc/x86_64-pc-linux-gnu/13.1.1/collect2] ==> ignore
    arg [-plugin] ==> ignore
    arg [/usr/lib/gcc/x86_64-pc-linux-gnu/13.1.1/liblto_plugin.so] ==> ignore
    arg [-plugin-opt=/usr/lib/gcc/x86_64-pc-linux-gnu/13.1.1/lto-wrapper] ==> ignore
    arg [-plugin-opt=-fresolution=/tmp/ccCSlCSH.res] ==> ignore
    arg [-plugin-opt=-pass-through=-lgcc_s] ==> ignore
    arg [-plugin-opt=-pass-through=-lgcc] ==> ignore
    arg [-plugin-opt=-pass-through=-lc] ==> ignore
    arg [-plugin-opt=-pass-through=-lgcc_s] ==> ignore
    arg [-plugin-opt=-pass-through=-lgcc] ==> ignore
    arg [--build-id] ==> ignore
    arg [--eh-frame-hdr] ==> ignore
    arg [--hash-style=gnu] ==> ignore
    arg [-m] ==> ignore
    arg [elf_x86_64] ==> ignore
    arg [-dynamic-linker] ==> ignore
    arg [/lib64/ld-linux-x86-64.so.2] ==> ignore
    arg [-pie] ==> ignore
    arg [-o] ==> ignore
    arg [cmTC_29640] ==> ignore
    arg [/usr/lib/gcc/x86_64-pc-linux-gnu/13.1.1/../../../../lib/Scrt1.o] ==> obj [/usr/lib/gcc/x86_64-pc-linux-gnu/13.1.1/../../../../lib/Scrt1.o]
    arg [/usr/lib/gcc/x86_64-pc-linux-gnu/13.1.1/../../../../lib/crti.o] ==> obj [/usr/lib/gcc/x86_64-pc-linux-gnu/13.1.1/../../../../lib/crti.o]
    arg [/usr/lib/gcc/x86_64-pc-linux-gnu/13.1.1/crtbeginS.o] ==> obj [/usr/lib/gcc/x86_64-pc-linux-gnu/13.1.1/crtbeginS.o]
    arg [-L/usr/lib/gcc/x86_64-pc-linux-gnu/13.1.1] ==> dir [/usr/lib/gcc/x86_64-pc-linux-gnu/13.1.1]
    arg [-L/usr/lib/gcc/x86_64-pc-linux-gnu/13.1.1/../../../../lib] ==> dir [/usr/lib/gcc/x86_64-pc-linux-gnu/13.1.1/../../../../lib]
    arg [-L/lib/../lib] ==> dir [/lib/../lib]
    arg [-L/usr/lib/../lib] ==> dir [/usr/lib/../lib]
    arg [-L/usr/lib/gcc/x86_64-pc-linux-gnu/13.1.1/../../..] ==> dir [/usr/lib/gcc/x86_64-pc-linux-gnu/13.1.1/../../..]
    arg [CMakeFiles/cmTC_29640.dir/CMakeCXXCompilerABI.cpp.o] ==> ignore
    arg [-lstdc++] ==> lib [stdc++]
    arg [-lm] ==> lib [m]
    arg [-lgcc_s] ==> lib [gcc_s]
    arg [-lgcc] ==> lib [gcc]
    arg [-lc] ==> lib [c]
    arg [-lgcc_s] ==> lib [gcc_s]
    arg [-lgcc] ==> lib [gcc]
    arg [/usr/lib/gcc/x86_64-pc-linux-gnu/13.1.1/crtendS.o] ==> obj [/usr/lib/gcc/x86_64-pc-linux-gnu/13.1.1/crtendS.o]
    arg [/usr/lib/gcc/x86_64-pc-linux-gnu/13.1.1/../../../../lib/crtn.o] ==> obj [/usr/lib/gcc/x86_64-pc-linux-gnu/13.1.1/../../../../lib/crtn.o]
  collapse obj [/usr/lib/gcc/x86_64-pc-linux-gnu/13.1.1/../../../../lib/Scrt1.o] ==> [/usr/lib/Scrt1.o]
  collapse obj [/usr/lib/gcc/x86_64-pc-linux-gnu/13.1.1/../../../../lib/crti.o] ==> [/usr/lib/crti.o]
  collapse obj [/usr/lib/gcc/x86_64-pc-linux-gnu/13.1.1/../../../../lib/crtn.o] ==> [/usr/lib/crtn.o]
  collapse library dir [/usr/lib/gcc/x86_64-pc-linux-gnu/13.1.1] ==> [/usr/lib/gcc/x86_64-pc-linux-gnu/13.1.1]
  collapse library dir [/usr/lib/gcc/x86_64-pc-linux-gnu/13.1.1/../../../../lib] ==> [/usr/lib]
  collapse library dir [/lib/../lib] ==> [/lib]
  collapse library dir [/usr/lib/../lib] ==> [/usr/lib]
  collapse library dir [/usr/lib/gcc/x86_64-pc-linux-gnu/13.1.1/../../..] ==> [/usr/lib]
  implicit libs: [stdc++;m;gcc_s;gcc;c;gcc_s;gcc]
  implicit objs: [/usr/lib/Scrt1.o;/usr/lib/crti.o;/usr/lib/gcc/x86_64-pc-linux-gnu/13.1.1/crtbeginS.o;/usr/lib/gcc/x86_64-pc-linux-gnu/13.1.1/crtendS.o;/usr/lib/crtn.o]
  implicit dirs: [/usr/lib/gcc/x86_64-pc-linux-gnu/13.1.1;/usr/lib;/lib]
  implicit fwks: []


